2023-07-23 11:07:676 INFO  HomePage :66 - Enter job title : [[ChromeDriver: chrome on windows (5927be514c28e127411779541c0a5106)] -> xpath: //input[@id='keywords']]
2023-07-23 11:07:741 INFO  HomePage :72 - Enter Location : [[ChromeDriver: chrome on windows (5927be514c28e127411779541c0a5106)] -> xpath: //input[@id='location']]
2023-07-23 11:07:845 INFO  HomePage :77 - Select  Distance : [[ChromeDriver: chrome on windows (5927be514c28e127411779541c0a5106)] -> xpath: //select[@id='distance']]
2023-07-23 11:07:908 INFO  HomePage :82 - Clicking on register link : [[ChromeDriver: chrome on windows (5927be514c28e127411779541c0a5106)] -> xpath: //button[@id='toggle-hp-search']]
2023-07-23 11:07:24 INFO  HomePage :87 - Enter MinSalary : [[ChromeDriver: chrome on windows (5927be514c28e127411779541c0a5106)] -> xpath: //input[@id='salarymin']]
2023-07-23 11:07:121 INFO  HomePage :92 - Enter MaxSalary : [[ChromeDriver: chrome on windows (5927be514c28e127411779541c0a5106)] -> xpath: //input[@id='salarymax']]
2023-07-23 11:07:193 INFO  HomePage :97 - Select SalaryType : [[ChromeDriver: chrome on windows (5927be514c28e127411779541c0a5106)] -> xpath: //select[@id='salarytype']]
2023-07-23 11:07:235 INFO  HomePage :102 - Send job Type : [[ChromeDriver: chrome on windows (5927be514c28e127411779541c0a5106)] -> xpath: //select[@id='tempperm']]
2023-07-23 11:07:301 INFO  HomePage :108 - Clicking on register link : [[ChromeDriver: chrome on windows (5927be514c28e127411779541c0a5106)] -> xpath: //input[@id='hp-search-btn']]
2023-07-23 11:07:58 INFO  HomePage :66 - Enter job title : [[ChromeDriver: chrome on windows (ab28f6cf425d718d74aec58914134c76)] -> xpath: //input[@id='keywords']]
2023-07-23 11:07:124 INFO  HomePage :72 - Enter Location : [[ChromeDriver: chrome on windows (ab28f6cf425d718d74aec58914134c76)] -> xpath: //input[@id='location']]
2023-07-23 11:07:207 INFO  HomePage :77 - Select  Distance : [[ChromeDriver: chrome on windows (ab28f6cf425d718d74aec58914134c76)] -> xpath: //select[@id='distance']]
2023-07-23 11:07:274 INFO  HomePage :82 - Clicking on register link : [[ChromeDriver: chrome on windows (ab28f6cf425d718d74aec58914134c76)] -> xpath: //button[@id='toggle-hp-search']]
2023-07-23 11:07:389 INFO  HomePage :87 - Enter MinSalary : [[ChromeDriver: chrome on windows (ab28f6cf425d718d74aec58914134c76)] -> xpath: //input[@id='salarymin']]
2023-07-23 11:07:482 INFO  HomePage :92 - Enter MaxSalary : [[ChromeDriver: chrome on windows (ab28f6cf425d718d74aec58914134c76)] -> xpath: //input[@id='salarymax']]
2023-07-23 11:07:557 INFO  HomePage :97 - Select SalaryType : [[ChromeDriver: chrome on windows (ab28f6cf425d718d74aec58914134c76)] -> xpath: //select[@id='salarytype']]
2023-07-23 11:07:597 INFO  HomePage :102 - Send job Type : [[ChromeDriver: chrome on windows (ab28f6cf425d718d74aec58914134c76)] -> xpath: //select[@id='tempperm']]
2023-07-23 11:07:660 INFO  HomePage :108 - Clicking on register link : [[ChromeDriver: chrome on windows (ab28f6cf425d718d74aec58914134c76)] -> xpath: //input[@id='hp-search-btn']]
2023-07-23 11:07:231 INFO  HomePage :66 - Enter job title : [[ChromeDriver: chrome on windows (3ec5681c8c951e1dac66b518a3fe3fe2)] -> xpath: //input[@id='keywords']]
2023-07-23 11:07:302 INFO  HomePage :72 - Enter Location : [[ChromeDriver: chrome on windows (3ec5681c8c951e1dac66b518a3fe3fe2)] -> xpath: //input[@id='location']]
2023-07-23 11:07:359 INFO  HomePage :77 - Select  Distance : [[ChromeDriver: chrome on windows (3ec5681c8c951e1dac66b518a3fe3fe2)] -> xpath: //select[@id='distance']]
2023-07-23 11:07:415 INFO  HomePage :82 - Clicking on register link : [[ChromeDriver: chrome on windows (3ec5681c8c951e1dac66b518a3fe3fe2)] -> xpath: //button[@id='toggle-hp-search']]
2023-07-23 11:07:542 INFO  HomePage :87 - Enter MinSalary : [[ChromeDriver: chrome on windows (3ec5681c8c951e1dac66b518a3fe3fe2)] -> xpath: //input[@id='salarymin']]
2023-07-23 11:07:635 INFO  HomePage :92 - Enter MaxSalary : [[ChromeDriver: chrome on windows (3ec5681c8c951e1dac66b518a3fe3fe2)] -> xpath: //input[@id='salarymax']]
2023-07-23 11:07:713 INFO  HomePage :97 - Select SalaryType : [[ChromeDriver: chrome on windows (3ec5681c8c951e1dac66b518a3fe3fe2)] -> xpath: //select[@id='salarytype']]
2023-07-23 11:07:753 INFO  HomePage :102 - Send job Type : [[ChromeDriver: chrome on windows (3ec5681c8c951e1dac66b518a3fe3fe2)] -> xpath: //select[@id='tempperm']]
2023-07-23 11:07:819 INFO  HomePage :108 - Clicking on register link : [[ChromeDriver: chrome on windows (3ec5681c8c951e1dac66b518a3fe3fe2)] -> xpath: //input[@id='hp-search-btn']]
2023-07-23 11:07:453 INFO  HomePage :66 - Enter job title : [[ChromeDriver: chrome on windows (9a0a8896a5b7f59ce9f6ca1ef88707df)] -> xpath: //input[@id='keywords']]
2023-07-23 11:07:509 INFO  HomePage :72 - Enter Location : [[ChromeDriver: chrome on windows (9a0a8896a5b7f59ce9f6ca1ef88707df)] -> xpath: //input[@id='location']]
2023-07-23 11:07:592 INFO  HomePage :77 - Select  Distance : [[ChromeDriver: chrome on windows (9a0a8896a5b7f59ce9f6ca1ef88707df)] -> xpath: //select[@id='distance']]
2023-07-23 11:07:657 INFO  HomePage :82 - Clicking on register link : [[ChromeDriver: chrome on windows (9a0a8896a5b7f59ce9f6ca1ef88707df)] -> xpath: //button[@id='toggle-hp-search']]
2023-07-23 11:07:766 INFO  HomePage :87 - Enter MinSalary : [[ChromeDriver: chrome on windows (9a0a8896a5b7f59ce9f6ca1ef88707df)] -> xpath: //input[@id='salarymin']]
2023-07-23 11:07:868 INFO  HomePage :92 - Enter MaxSalary : [[ChromeDriver: chrome on windows (9a0a8896a5b7f59ce9f6ca1ef88707df)] -> xpath: //input[@id='salarymax']]
2023-07-23 11:07:941 INFO  HomePage :97 - Select SalaryType : [[ChromeDriver: chrome on windows (9a0a8896a5b7f59ce9f6ca1ef88707df)] -> xpath: //select[@id='salarytype']]
2023-07-23 11:07:979 INFO  HomePage :102 - Send job Type : [[ChromeDriver: chrome on windows (9a0a8896a5b7f59ce9f6ca1ef88707df)] -> xpath: //select[@id='tempperm']]
2023-07-23 11:07:40 INFO  HomePage :108 - Clicking on register link : [[ChromeDriver: chrome on windows (9a0a8896a5b7f59ce9f6ca1ef88707df)] -> xpath: //input[@id='hp-search-btn']]
2023-07-23 11:07:908 INFO  HomePage :66 - Enter job title : [[ChromeDriver: chrome on windows (4c8ca0415f14cd3790408faa6f174bea)] -> xpath: //input[@id='keywords']]
2023-07-23 11:07:992 INFO  HomePage :72 - Enter Location : [[ChromeDriver: chrome on windows (4c8ca0415f14cd3790408faa6f174bea)] -> xpath: //input[@id='location']]
2023-07-23 11:07:74 INFO  HomePage :77 - Select  Distance : [[ChromeDriver: chrome on windows (4c8ca0415f14cd3790408faa6f174bea)] -> xpath: //select[@id='distance']]
2023-07-23 11:07:140 INFO  HomePage :82 - Clicking on register link : [[ChromeDriver: chrome on windows (4c8ca0415f14cd3790408faa6f174bea)] -> xpath: //button[@id='toggle-hp-search']]
2023-07-23 11:07:249 INFO  HomePage :87 - Enter MinSalary : [[ChromeDriver: chrome on windows (4c8ca0415f14cd3790408faa6f174bea)] -> xpath: //input[@id='salarymin']]
2023-07-23 11:07:346 INFO  HomePage :92 - Enter MaxSalary : [[ChromeDriver: chrome on windows (4c8ca0415f14cd3790408faa6f174bea)] -> xpath: //input[@id='salarymax']]
2023-07-23 11:07:407 INFO  HomePage :97 - Select SalaryType : [[ChromeDriver: chrome on windows (4c8ca0415f14cd3790408faa6f174bea)] -> xpath: //select[@id='salarytype']]
2023-07-23 11:07:459 INFO  HomePage :102 - Send job Type : [[ChromeDriver: chrome on windows (4c8ca0415f14cd3790408faa6f174bea)] -> xpath: //select[@id='tempperm']]
2023-07-23 11:07:522 INFO  HomePage :108 - Clicking on register link : [[ChromeDriver: chrome on windows (4c8ca0415f14cd3790408faa6f174bea)] -> xpath: //input[@id='hp-search-btn']]
2023-07-23 11:07:207 INFO  HomePage :66 - Enter job title : [[ChromeDriver: chrome on windows (d43ccd9a988866bd21e561ecca541965)] -> xpath: //input[@id='keywords']]
2023-07-23 11:07:284 INFO  HomePage :72 - Enter Location : [[ChromeDriver: chrome on windows (d43ccd9a988866bd21e561ecca541965)] -> xpath: //input[@id='location']]
2023-07-23 11:07:378 INFO  HomePage :77 - Select  Distance : [[ChromeDriver: chrome on windows (d43ccd9a988866bd21e561ecca541965)] -> xpath: //select[@id='distance']]
2023-07-23 11:07:440 INFO  HomePage :82 - Clicking on register link : [[ChromeDriver: chrome on windows (d43ccd9a988866bd21e561ecca541965)] -> xpath: //button[@id='toggle-hp-search']]
2023-07-23 11:07:577 INFO  HomePage :87 - Enter MinSalary : [[ChromeDriver: chrome on windows (d43ccd9a988866bd21e561ecca541965)] -> xpath: //input[@id='salarymin']]
2023-07-23 11:07:669 INFO  HomePage :92 - Enter MaxSalary : [[ChromeDriver: chrome on windows (d43ccd9a988866bd21e561ecca541965)] -> xpath: //input[@id='salarymax']]
2023-07-23 11:07:735 INFO  HomePage :97 - Select SalaryType : [[ChromeDriver: chrome on windows (d43ccd9a988866bd21e561ecca541965)] -> xpath: //select[@id='salarytype']]
2023-07-23 11:07:776 INFO  HomePage :102 - Send job Type : [[ChromeDriver: chrome on windows (d43ccd9a988866bd21e561ecca541965)] -> xpath: //select[@id='tempperm']]
2023-07-23 11:07:841 INFO  HomePage :108 - Clicking on register link : [[ChromeDriver: chrome on windows (d43ccd9a988866bd21e561ecca541965)] -> xpath: //input[@id='hp-search-btn']]
